[22:28:25] [ServerMain/INFO]: Environment: Environment[sessionHost=https://sessionserver.mojang.com, servicesHost=https://api.minecraftservices.com, name=PROD]
[22:28:25] [ServerMain/INFO]: No existing world data, creating new world
[22:28:26] [ServerMain/INFO]: Loaded 1407 recipes
[22:28:26] [ServerMain/INFO]: Loaded 1520 advancements
[22:28:26] [Server thread/INFO]: Starting minecraft server version 1.21.8
[22:28:26] [Server thread/INFO]: Loading properties
[22:28:26] [Server thread/INFO]: Default game type: SURVIVAL
[22:28:26] [Server thread/INFO]: Generating keypair
[22:28:27] [Server thread/INFO]: Starting Minecraft server on *:25565
[22:28:27] [Server thread/INFO]: Using epoll channel type
[22:28:27] [Server thread/WARN]: **** SERVER IS RUNNING IN OFFLINE/INSECURE MODE!
[22:28:27] [Server thread/WARN]: The server will make no attempt to authenticate usernames. Beware.
[22:28:27] [Server thread/WARN]: While this makes the game possible to play without internet access, it also opens up the ability for hackers to connect with any username they choose.
[22:28:27] [Server thread/WARN]: To change this, set "online-mode" to "true" in the server.properties file.
[22:28:27] [Server thread/INFO]: Preparing level "world"
[22:28:34] [Server thread/INFO]: Preparing start region for dimension minecraft:overworld
[22:28:34] [Worker-Main-1/INFO]: Preparing spawn area: 2%
[22:28:34] [Worker-Main-3/INFO]: Preparing spawn area: 2%
[22:28:35] [Worker-Main-3/INFO]: Preparing spawn area: 2%
[22:28:35] [Worker-Main-3/INFO]: Preparing spawn area: 4%
[22:28:36] [Worker-Main-3/INFO]: Preparing spawn area: 18%
[22:28:36] [Worker-Main-1/INFO]: Preparing spawn area: 18%
[22:28:37] [Worker-Main-2/INFO]: Preparing spawn area: 18%
[22:28:37] [Worker-Main-1/INFO]: Preparing spawn area: 18%
[22:28:38] [Worker-Main-1/INFO]: Preparing spawn area: 51%
[22:28:38] [Worker-Main-1/INFO]: Preparing spawn area: 51%
[22:28:39] [Worker-Main-3/INFO]: Preparing spawn area: 51%
[22:28:39] [Worker-Main-2/INFO]: Preparing spawn area: 53%
[22:28:39] [Server thread/INFO]: Time elapsed: 5577 ms
[22:28:39] [Server thread/INFO]: Done (12.454s)! For help, type "help"
[22:29:39] [Server thread/INFO]: Server empty for 60 seconds, pausing
